[1] 2018/11/06 12:48:22 Octo/Common.pm 37 Octo.Common ERROR - please pass Input.txt
[1] 2018/11/06 12:48:31 Octo/Common.pm 37 Octo.Common INFO - Filname : Input.txt
[1] 2018/11/06 12:48:31 Octo/Common.pm 37 Octo.Common INFO - Initialize ReadInputFile
[1] 2018/11/06 12:48:31 Octo/Common.pm 37 Octo.Common INFO - lets start processing
[1] 2018/11/06 12:48:31 Octo/Common.pm 37 Octo.Common ERROR - Minimum length row violation on line 1 : 1970-01-01John           Smith           81.5
[1] 2018/11/06 12:50:23 Octo/Common.pm 37 Octo.Common INFO - Filname : Metadata
[1] 2018/11/06 12:50:23 Octo/Common.pm 37 Octo.Common ERROR - Wrong file extention
[1] 2018/11/06 13:19:48 Octo/Common.pm 37 Octo.Common INFO - Filname : Metadata
[1] 2018/11/06 13:19:48 Octo/Common.pm 37 Octo.Common ERROR - Wrong file extention
[1] 2018/11/06 13:20:28 Octo/Common.pm 37 Octo.Common INFO - Filname : Metadata
[1] 2018/11/06 13:20:28 Octo/Common.pm 37 Octo.Common ERROR - Wrong file extention
[1] 2018/11/06 13:20:39 Octo/Common.pm 37 Octo.Common INFO - Filname : Metadata.txt
[1] 2018/11/06 13:20:39 Octo/Common.pm 37 Octo.Common INFO - Initialize ReadInputFile
[1] 2018/11/06 13:21:04 Octo/Common.pm 37 Octo.Common INFO - Filname : Metadata.txt
[1] 2018/11/06 13:21:04 Octo/Common.pm 37 Octo.Common INFO - Initialize ReadInputFile
[1] 2018/11/06 13:21:04 Octo/Common.pm 37 Octo.Common INFO - lets start processing
[1] 2018/11/06 13:21:04 Octo/Common.pm 37 Octo.Common INFO - processing finished and data is stored in array
[1] 2018/11/06 13:21:19 Octo/Common.pm 37 Octo.Common INFO - Filname : Metadata.txt
[1] 2018/11/06 13:21:19 Octo/Common.pm 37 Octo.Common INFO - Initialize ReadInputFile
[1] 2018/11/06 13:21:19 Octo/Common.pm 37 Octo.Common INFO - lets start processing
[1] 2018/11/06 13:21:19 Octo/Common.pm 37 Octo.Common INFO - processing finished and data is stored in array
[1] 2018/11/06 13:21:31 Octo/Common.pm 37 Octo.Common INFO - Filname : Metadata.txt
[1] 2018/11/06 13:21:31 Octo/Common.pm 37 Octo.Common INFO - Initialize ReadInputFile
[1] 2018/11/06 13:21:31 Octo/Common.pm 37 Octo.Common INFO - lets start processing
[1] 2018/11/06 13:21:31 Octo/Common.pm 37 Octo.Common INFO - processing finished and data is stored in array
[1] 2018/11/06 13:21:52 Octo/Common.pm 37 Octo.Common INFO - Filname : Metadata.txt
[1] 2018/11/06 13:21:52 Octo/Common.pm 37 Octo.Common INFO - Initialize ReadInputFile
[1] 2018/11/06 13:21:52 Octo/Common.pm 37 Octo.Common INFO - lets start processing
[1] 2018/11/06 13:21:52 Octo/Common.pm 37 Octo.Common INFO - processing finished and data is stored in array
[1] 2018/11/06 13:22:03 Octo/Common.pm 37 Octo.Common INFO - Filname : Metadata.txt
[1] 2018/11/06 13:22:03 Octo/Common.pm 37 Octo.Common INFO - Initialize ReadInputFile
[1] 2018/11/06 13:22:03 Octo/Common.pm 37 Octo.Common INFO - lets start processing
[1] 2018/11/06 13:22:03 Octo/Common.pm 37 Octo.Common INFO - processing finished and data is stored in array
[1] 2018/11/06 13:22:14 Octo/Common.pm 37 Octo.Common INFO - Filname : Metadata.txt
[1] 2018/11/06 13:22:14 Octo/Common.pm 37 Octo.Common INFO - Initialize ReadInputFile
[1] 2018/11/06 13:22:14 Octo/Common.pm 37 Octo.Common INFO - lets start processing
[1] 2018/11/06 13:22:14 Octo/Common.pm 37 Octo.Common INFO - processing finished and data is stored in array
[1] 2018/11/06 13:22:40 Octo/Common.pm 37 Octo.Common INFO - Filname : Metadata.txt
[1] 2018/11/06 13:22:40 Octo/Common.pm 37 Octo.Common INFO - Initialize ReadInputFile
[1] 2018/11/06 13:22:40 Octo/Common.pm 37 Octo.Common INFO - lets start processing
[1] 2018/11/06 13:22:40 Octo/Common.pm 37 Octo.Common INFO - processing finished and data is stored in array
[1] 2018/11/06 13:22:47 Octo/Common.pm 37 Octo.Common INFO - Filname : Metadata.txt
[1] 2018/11/06 13:22:47 Octo/Common.pm 37 Octo.Common INFO - Initialize ReadInputFile
[1] 2018/11/06 13:22:47 Octo/Common.pm 37 Octo.Common INFO - lets start processing
[1] 2018/11/06 13:22:47 Octo/Common.pm 37 Octo.Common INFO - processing finished and data is stored in array
[1] 2018/11/06 13:29:41 Octo/Common.pm 37 Octo.Common INFO - Filname : Metadata.txt
[2] 2018/11/06 13:29:41 Octo/Common.pm 37 Octo.Common INFO - Initialize ReadInputFile
[2] 2018/11/06 13:29:41 Octo/Common.pm 37 Octo.Common INFO - lets start processing
[2] 2018/11/06 13:29:41 Octo/Common.pm 37 Octo.Common INFO - processing finished and data is stored in array
[1] 2018/11/06 13:29:53 Octo/Common.pm 37 Octo.Common INFO - Filname : Metadata.txt
[1] 2018/11/06 13:29:53 Octo/Common.pm 37 Octo.Common INFO - Initialize ReadInputFile
[1] 2018/11/06 13:29:53 Octo/Common.pm 37 Octo.Common INFO - lets start processing
[1] 2018/11/06 13:29:53 Octo/Common.pm 37 Octo.Common INFO - processing finished and data is stored in array
[1] 2018/11/06 13:30:07 Octo/Common.pm 37 Octo.Common INFO - Filname : Metadata.txt
[1] 2018/11/06 13:30:07 Octo/Common.pm 37 Octo.Common INFO - Initialize ReadInputFile
[1] 2018/11/06 13:30:07 Octo/Common.pm 37 Octo.Common INFO - lets start processing
[2] 2018/11/06 13:30:07 Octo/Common.pm 37 Octo.Common INFO - processing finished and data is stored in array
[1] 2018/11/06 13:30:15 Octo/Common.pm 37 Octo.Common INFO - Filname : Metadata.txt
[1] 2018/11/06 13:30:15 Octo/Common.pm 37 Octo.Common INFO - Initialize ReadInputFile
[1] 2018/11/06 13:30:15 Octo/Common.pm 37 Octo.Common INFO - lets start processing
[2] 2018/11/06 13:30:15 Octo/Common.pm 37 Octo.Common INFO - processing finished and data is stored in array
[1] 2018/11/06 13:31:06 Octo/Common.pm 37 Octo.Common INFO - Filname : Metadata.txt
[1] 2018/11/06 13:31:06 Octo/Common.pm 37 Octo.Common INFO - Initialize ReadInputFile
[2] 2018/11/06 13:31:06 Octo/Common.pm 37 Octo.Common INFO - lets start processing
[2] 2018/11/06 13:31:06 Octo/Common.pm 37 Octo.Common INFO - processing finished and data is stored in array
[1] 2018/11/06 13:32:12 Octo/Common.pm 37 Octo.Common INFO - Filname : Metadata.txt
[1] 2018/11/06 13:32:12 Octo/Common.pm 37 Octo.Common INFO - Initialize ReadInputFile
[2] 2018/11/06 13:32:12 Octo/Common.pm 37 Octo.Common INFO - lets start processing
[2] 2018/11/06 13:32:12 Octo/Common.pm 37 Octo.Common INFO - processing finished and data is stored in array
[1] 2018/11/06 13:32:23 Octo/Common.pm 37 Octo.Common INFO - Filname : Metadata.txt
[2] 2018/11/06 13:32:23 Octo/Common.pm 37 Octo.Common INFO - Initialize ReadInputFile
[2] 2018/11/06 13:32:23 Octo/Common.pm 37 Octo.Common INFO - lets start processing
[2] 2018/11/06 13:32:23 Octo/Common.pm 37 Octo.Common INFO - processing finished and data is stored in array
[1] 2018/11/06 13:32:47 Octo/Common.pm 37 Octo.Common INFO - Filname : Metadata.txt
[1] 2018/11/06 13:32:47 Octo/Common.pm 37 Octo.Common INFO - Initialize ReadInputFile
[1] 2018/11/06 13:32:47 Octo/Common.pm 37 Octo.Common INFO - lets start processing
[1] 2018/11/06 13:32:47 Octo/Common.pm 37 Octo.Common INFO - processing finished and data is stored in array
[1] 2018/11/06 13:34:32 Octo/Common.pm 37 Octo.Common INFO - Filname : Metadata.txt
[1] 2018/11/06 13:34:32 Octo/Common.pm 37 Octo.Common INFO - Initialize ReadInputFile
[1] 2018/11/06 13:34:32 Octo/Common.pm 37 Octo.Common INFO - lets start processing
[1] 2018/11/06 13:34:32 Octo/Common.pm 37 Octo.Common INFO - processing finished and data is stored in array
[1] 2018/11/06 13:35:56 Octo/Common.pm 37 Octo.Common INFO - Filname : Metadata.txt
[1] 2018/11/06 13:35:56 Octo/Common.pm 37 Octo.Common INFO - Initialize ReadInputFile
[1] 2018/11/06 13:35:56 Octo/Common.pm 37 Octo.Common INFO - lets start processing
[2] 2018/11/06 13:35:56 Octo/Common.pm 37 Octo.Common INFO - processing finished and data is stored in array
[1] 2018/11/06 13:36:15 Octo/Common.pm 37 Octo.Common INFO - Filname : Metadata.txt
[1] 2018/11/06 13:36:15 Octo/Common.pm 37 Octo.Common INFO - Initialize ReadInputFile
[1] 2018/11/06 13:36:15 Octo/Common.pm 37 Octo.Common INFO - lets start processing
[1] 2018/11/06 13:36:15 Octo/Common.pm 37 Octo.Common INFO - processing finished and data is stored in array
[1] 2018/11/06 13:37:18 Octo/Common.pm 37 Octo.Common INFO - Filname : Metadata.txt
[1] 2018/11/06 13:37:18 Octo/Common.pm 37 Octo.Common INFO - Initialize ReadInputFile
[1] 2018/11/06 13:37:18 Octo/Common.pm 37 Octo.Common INFO - lets start processing
[2] 2018/11/06 13:37:18 Octo/Common.pm 37 Octo.Common INFO - processing finished and data is stored in array
[1] 2018/11/06 13:38:37 Octo/Common.pm 37 Octo.Common INFO - Filname : Metadata.txt
[1] 2018/11/06 13:38:37 Octo/Common.pm 37 Octo.Common INFO - Initialize ReadInputFile
[1] 2018/11/06 13:38:37 Octo/Common.pm 37 Octo.Common INFO - lets start processing
[2] 2018/11/06 13:38:37 Octo/Common.pm 37 Octo.Common INFO - processing finished and data is stored in array
[1] 2018/11/06 13:51:39 Octo/Common.pm 37 Octo.Common INFO - Filname : Metadata.txt
[1] 2018/11/06 13:51:39 Octo/Common.pm 37 Octo.Common INFO - Initialize ReadInputFile
[1] 2018/11/06 13:51:39 Octo/Common.pm 37 Octo.Common INFO - lets start processing
[1] 2018/11/06 13:51:39 Octo/Common.pm 37 Octo.Common INFO - processing finished and data is stored in array
[1] 2018/11/06 13:51:56 Octo/Common.pm 37 Octo.Common INFO - Filname : Metadata.txt
[1] 2018/11/06 13:51:56 Octo/Common.pm 37 Octo.Common INFO - Initialize ReadInputFile
[1] 2018/11/06 13:51:56 Octo/Common.pm 37 Octo.Common INFO - lets start processing
[1] 2018/11/06 13:51:56 Octo/Common.pm 37 Octo.Common INFO - processing finished and data is stored in array
[1] 2018/11/06 13:52:07 Octo/Common.pm 37 Octo.Common INFO - Filname : Metadata.txt
[1] 2018/11/06 13:52:07 Octo/Common.pm 37 Octo.Common INFO - Initialize ReadInputFile
[1] 2018/11/06 13:52:07 Octo/Common.pm 37 Octo.Common INFO - lets start processing
[1] 2018/11/06 13:52:07 Octo/Common.pm 37 Octo.Common INFO - processing finished and data is stored in array
[1] 2018/11/06 13:52:12 Octo/Common.pm 37 Octo.Common INFO - Filname : Metadata.txt
[1] 2018/11/06 13:52:12 Octo/Common.pm 37 Octo.Common INFO - Initialize ReadInputFile
[1] 2018/11/06 13:52:12 Octo/Common.pm 37 Octo.Common INFO - lets start processing
[1] 2018/11/06 13:52:12 Octo/Common.pm 37 Octo.Common INFO - processing finished and data is stored in array
[1] 2018/11/06 13:52:20 Octo/Common.pm 37 Octo.Common INFO - Filname : Metadata.txt
[1] 2018/11/06 13:52:20 Octo/Common.pm 37 Octo.Common INFO - Initialize ReadInputFile
[1] 2018/11/06 13:52:20 Octo/Common.pm 37 Octo.Common INFO - lets start processing
[2] 2018/11/06 13:52:20 Octo/Common.pm 37 Octo.Common INFO - processing finished and data is stored in array
[1] 2018/11/06 13:53:06 Octo/Common.pm 37 Octo.Common INFO - Filname : Metadata.txt
[1] 2018/11/06 13:53:06 Octo/Common.pm 37 Octo.Common INFO - Initialize ReadInputFile
[1] 2018/11/06 13:53:06 Octo/Common.pm 37 Octo.Common INFO - lets start processing
[1] 2018/11/06 13:53:06 Octo/Common.pm 37 Octo.Common INFO - processing finished and data is stored in array
[1] 2018/11/06 13:53:17 Octo/Common.pm 37 Octo.Common INFO - Filname : Metadata.txt
[1] 2018/11/06 13:53:17 Octo/Common.pm 37 Octo.Common INFO - Initialize ReadInputFile
[1] 2018/11/06 13:53:17 Octo/Common.pm 37 Octo.Common INFO - lets start processing
[1] 2018/11/06 13:53:17 Octo/Common.pm 37 Octo.Common INFO - processing finished and data is stored in array
[1] 2018/11/06 13:53:42 Octo/Common.pm 37 Octo.Common INFO - Filname : Metadata.txt
[1] 2018/11/06 13:53:42 Octo/Common.pm 37 Octo.Common INFO - Initialize ReadInputFile
[1] 2018/11/06 13:53:42 Octo/Common.pm 37 Octo.Common INFO - lets start processing
[1] 2018/11/06 13:53:42 Octo/Common.pm 37 Octo.Common INFO - processing finished and data is stored in array
[1] 2018/11/06 13:53:52 Octo/Common.pm 37 Octo.Common INFO - Filname : Metadata.txt
[1] 2018/11/06 13:53:52 Octo/Common.pm 37 Octo.Common INFO - Initialize ReadInputFile
[1] 2018/11/06 13:53:52 Octo/Common.pm 37 Octo.Common INFO - lets start processing
[1] 2018/11/06 13:53:52 Octo/Common.pm 37 Octo.Common INFO - processing finished and data is stored in array
[1] 2018/11/06 13:54:00 Octo/Common.pm 37 Octo.Common INFO - Filname : Metadata.txt
[1] 2018/11/06 13:54:00 Octo/Common.pm 37 Octo.Common INFO - Initialize ReadInputFile
[1] 2018/11/06 13:54:00 Octo/Common.pm 37 Octo.Common INFO - lets start processing
[1] 2018/11/06 13:54:00 Octo/Common.pm 37 Octo.Common INFO - processing finished and data is stored in array
[1] 2018/11/06 21:39:36 Octo/Common.pm 37 Octo.Common INFO - Filname : Metadata.txt
[1] 2018/11/06 21:39:36 Octo/Common.pm 37 Octo.Common INFO - Initialize ReadInputFile
[1] 2018/11/06 21:39:36 Octo/Common.pm 37 Octo.Common INFO - lets start processing
[1] 2018/11/06 21:39:36 Octo/Common.pm 37 Octo.Common INFO - processing finished and data is stored in array
[1] 2018/11/06 21:43:12 Octo/Common.pm 37 Octo.Common INFO - Filname : Metadata.txt
[1] 2018/11/06 21:43:12 Octo/Common.pm 37 Octo.Common INFO - Initialize ReadInputFile
[1] 2018/11/06 21:43:12 Octo/Common.pm 37 Octo.Common INFO - lets start processing
[1] 2018/11/06 21:43:12 Octo/Common.pm 37 Octo.Common INFO - processing finished and data is stored in array
[1] 2018/11/06 21:43:31 Octo/Common.pm 37 Octo.Common INFO - Filname : Metadata.txt
[1] 2018/11/06 21:43:31 Octo/Common.pm 37 Octo.Common INFO - Initialize ReadInputFile
[1] 2018/11/06 21:43:31 Octo/Common.pm 37 Octo.Common INFO - lets start processing
[1] 2018/11/06 21:43:31 Octo/Common.pm 37 Octo.Common INFO - processing finished and data is stored in array
[1] 2018/11/06 21:43:43 Octo/Common.pm 37 Octo.Common INFO - Filname : Metadata.txt
[1] 2018/11/06 21:43:43 Octo/Common.pm 37 Octo.Common INFO - Initialize ReadInputFile
[1] 2018/11/06 21:43:43 Octo/Common.pm 37 Octo.Common INFO - lets start processing
[1] 2018/11/06 21:43:43 Octo/Common.pm 37 Octo.Common INFO - processing finished and data is stored in array
[1] 2018/11/06 21:44:12 Octo/Common.pm 37 Octo.Common INFO - Filname : Metadata.txt
[1] 2018/11/06 21:44:12 Octo/Common.pm 37 Octo.Common INFO - Initialize ReadInputFile
[1] 2018/11/06 21:44:12 Octo/Common.pm 37 Octo.Common INFO - lets start processing
[1] 2018/11/06 21:44:12 Octo/Common.pm 37 Octo.Common INFO - processing finished and data is stored in array
[1] 2018/11/06 21:44:17 Octo/Common.pm 37 Octo.Common INFO - Filname : Metadata.txt
[1] 2018/11/06 21:44:17 Octo/Common.pm 37 Octo.Common INFO - Initialize ReadInputFile
[1] 2018/11/06 21:44:17 Octo/Common.pm 37 Octo.Common INFO - lets start processing
[1] 2018/11/06 21:44:17 Octo/Common.pm 37 Octo.Common INFO - processing finished and data is stored in array
[1] 2018/11/06 21:44:27 Octo/Common.pm 37 Octo.Common INFO - Filname : Metadata.txt
[1] 2018/11/06 21:44:27 Octo/Common.pm 37 Octo.Common INFO - Initialize ReadInputFile
[1] 2018/11/06 21:44:27 Octo/Common.pm 37 Octo.Common INFO - lets start processing
[1] 2018/11/06 21:44:27 Octo/Common.pm 37 Octo.Common INFO - processing finished and data is stored in array
[1] 2018/11/06 21:44:48 Octo/Common.pm 37 Octo.Common INFO - Filname : Metadata.txt
[1] 2018/11/06 21:44:48 Octo/Common.pm 37 Octo.Common INFO - Initialize ReadInputFile
[1] 2018/11/06 21:44:48 Octo/Common.pm 37 Octo.Common INFO - lets start processing
[1] 2018/11/06 21:44:48 Octo/Common.pm 37 Octo.Common INFO - processing finished and data is stored in array
[1] 2018/11/06 21:45:06 Octo/Common.pm 37 Octo.Common INFO - Filname : Metadata.txt
[1] 2018/11/06 21:45:06 Octo/Common.pm 37 Octo.Common INFO - Initialize ReadInputFile
[1] 2018/11/06 21:45:06 Octo/Common.pm 37 Octo.Common INFO - lets start processing
[1] 2018/11/06 21:45:06 Octo/Common.pm 37 Octo.Common INFO - processing finished and data is stored in array
[1] 2018/11/06 21:45:11 Octo/Common.pm 37 Octo.Common INFO - Filname : Metadata.txt
[1] 2018/11/06 21:45:11 Octo/Common.pm 37 Octo.Common INFO - Initialize ReadInputFile
[1] 2018/11/06 21:45:11 Octo/Common.pm 37 Octo.Common INFO - lets start processing
[1] 2018/11/06 21:45:11 Octo/Common.pm 37 Octo.Common INFO - processing finished and data is stored in array
[1] 2018/11/06 21:45:17 Octo/Common.pm 37 Octo.Common INFO - Filname : Metadata.txt
[1] 2018/11/06 21:45:17 Octo/Common.pm 37 Octo.Common INFO - Initialize ReadInputFile
[1] 2018/11/06 21:45:17 Octo/Common.pm 37 Octo.Common INFO - lets start processing
[1] 2018/11/06 21:45:17 Octo/Common.pm 37 Octo.Common INFO - processing finished and data is stored in array
[1] 2018/11/06 21:45:24 Octo/Common.pm 37 Octo.Common INFO - Filname : Metadata.txt
[1] 2018/11/06 21:45:24 Octo/Common.pm 37 Octo.Common INFO - Initialize ReadInputFile
[1] 2018/11/06 21:45:24 Octo/Common.pm 37 Octo.Common INFO - lets start processing
[1] 2018/11/06 21:45:24 Octo/Common.pm 37 Octo.Common INFO - processing finished and data is stored in array
[1] 2018/11/06 21:45:44 Octo/Common.pm 37 Octo.Common INFO - Filname : Metadata.txt
[1] 2018/11/06 21:45:44 Octo/Common.pm 37 Octo.Common INFO - Initialize ReadInputFile
[1] 2018/11/06 21:45:44 Octo/Common.pm 37 Octo.Common INFO - lets start processing
[2] 2018/11/06 21:45:44 Octo/Common.pm 37 Octo.Common INFO - processing finished and data is stored in array
[1] 2018/11/06 21:45:54 Octo/Common.pm 37 Octo.Common INFO - Filname : Metadata.txt
[1] 2018/11/06 21:45:54 Octo/Common.pm 37 Octo.Common INFO - Initialize ReadInputFile
[1] 2018/11/06 21:45:54 Octo/Common.pm 37 Octo.Common INFO - lets start processing
[1] 2018/11/06 21:45:54 Octo/Common.pm 37 Octo.Common INFO - processing finished and data is stored in array
[1] 2018/11/06 21:46:12 Octo/Common.pm 37 Octo.Common INFO - Filname : Metadata.txt
[1] 2018/11/06 21:46:12 Octo/Common.pm 37 Octo.Common INFO - Initialize ReadInputFile
[1] 2018/11/06 21:46:12 Octo/Common.pm 37 Octo.Common INFO - lets start processing
[1] 2018/11/06 21:46:12 Octo/Common.pm 37 Octo.Common INFO - processing finished and data is stored in array
[1] 2018/11/06 21:46:28 Octo/Common.pm 37 Octo.Common INFO - Filname : Metadata.txt
[1] 2018/11/06 21:46:28 Octo/Common.pm 37 Octo.Common INFO - Initialize ReadInputFile
[1] 2018/11/06 21:46:28 Octo/Common.pm 37 Octo.Common INFO - lets start processing
[1] 2018/11/06 21:46:28 Octo/Common.pm 37 Octo.Common INFO - processing finished and data is stored in array
[1] 2018/11/06 21:46:57 Octo/Common.pm 37 Octo.Common INFO - Filname : Metadata.txt
[1] 2018/11/06 21:46:57 Octo/Common.pm 37 Octo.Common INFO - Initialize ReadInputFile
[1] 2018/11/06 21:46:57 Octo/Common.pm 37 Octo.Common INFO - lets start processing
[1] 2018/11/06 21:46:57 Octo/Common.pm 37 Octo.Common INFO - processing finished and data is stored in array
[1] 2018/11/06 21:47:50 Octo/Common.pm 37 Octo.Common INFO - Filname : Metadata.txt
[1] 2018/11/06 21:47:50 Octo/Common.pm 37 Octo.Common INFO - Initialize ReadInputFile
[1] 2018/11/06 21:47:50 Octo/Common.pm 37 Octo.Common INFO - lets start processing
[1] 2018/11/06 21:47:50 Octo/Common.pm 37 Octo.Common INFO - processing finished and data is stored in array
[1] 2018/11/06 21:57:47 Octo/Common.pm 37 Octo.Common INFO - Filname : Metadata.txt
[1] 2018/11/06 21:57:47 Octo/Common.pm 37 Octo.Common INFO - Initialize ReadInputFile
[1] 2018/11/06 21:57:47 Octo/Common.pm 37 Octo.Common INFO - lets start processing
[1] 2018/11/06 21:57:47 Octo/Common.pm 37 Octo.Common INFO - processing finished and data is stored in array
[1] 2018/11/06 21:58:09 Octo/Common.pm 37 Octo.Common INFO - Filname : Metadata.txt
[1] 2018/11/06 21:58:09 Octo/Common.pm 37 Octo.Common INFO - Initialize ReadInputFile
[1] 2018/11/06 21:58:09 Octo/Common.pm 37 Octo.Common INFO - lets start processing
[1] 2018/11/06 21:58:09 Octo/Common.pm 37 Octo.Common INFO - processing finished and data is stored in array
[1] 2018/11/06 21:58:39 Octo/Common.pm 37 Octo.Common INFO - Filname : Metadata.txt
[1] 2018/11/06 21:58:39 Octo/Common.pm 37 Octo.Common INFO - Initialize ReadInputFile
[1] 2018/11/06 21:58:39 Octo/Common.pm 37 Octo.Common INFO - lets start processing
[1] 2018/11/06 21:58:39 Octo/Common.pm 37 Octo.Common INFO - processing finished and data is stored in array
[1] 2018/11/06 21:59:04 Octo/Common.pm 37 Octo.Common INFO - Filname : Metadata.txt
[1] 2018/11/06 21:59:04 Octo/Common.pm 37 Octo.Common INFO - Initialize ReadInputFile
[1] 2018/11/06 21:59:04 Octo/Common.pm 37 Octo.Common INFO - lets start processing
[1] 2018/11/06 21:59:04 Octo/Common.pm 37 Octo.Common INFO - processing finished and data is stored in array
[1] 2018/11/06 21:59:25 Octo/Common.pm 37 Octo.Common INFO - Filname : Metadata.txt
[1] 2018/11/06 21:59:25 Octo/Common.pm 37 Octo.Common INFO - Initialize ReadInputFile
[1] 2018/11/06 21:59:25 Octo/Common.pm 37 Octo.Common INFO - lets start processing
[1] 2018/11/06 21:59:25 Octo/Common.pm 37 Octo.Common INFO - processing finished and data is stored in array
[1] 2018/11/06 21:59:36 Octo/Common.pm 37 Octo.Common INFO - Filname : Metadata.txt
[1] 2018/11/06 21:59:36 Octo/Common.pm 37 Octo.Common INFO - Initialize ReadInputFile
[1] 2018/11/06 21:59:36 Octo/Common.pm 37 Octo.Common INFO - lets start processing
[1] 2018/11/06 21:59:36 Octo/Common.pm 37 Octo.Common INFO - processing finished and data is stored in array
[1] 2018/11/06 22:15:48 Octo/Common.pm 37 Octo.Common INFO - Filname : Metadata.txt
[1] 2018/11/06 22:15:48 Octo/Common.pm 37 Octo.Common INFO - Initialize ReadInputFile
[1] 2018/11/06 22:15:48 Octo/Common.pm 37 Octo.Common INFO - lets start processing
[1] 2018/11/06 22:15:48 Octo/Common.pm 37 Octo.Common INFO - processing finished and data is stored in array
[2] 2018/11/06 22:15:48 Octo/Common.pm 37 Octo.Common INFO - lets start processing
[2] 2018/11/06 22:15:48 Octo/Common.pm 37 Octo.Common INFO - processing finished and data is stored in array
[1] 2018/11/06 22:16:00 Octo/Common.pm 37 Octo.Common INFO - Filname : Metadata.txt
[1] 2018/11/06 22:16:00 Octo/Common.pm 37 Octo.Common INFO - Initialize ReadInputFile
[1] 2018/11/06 22:16:00 Octo/Common.pm 37 Octo.Common INFO - lets start processing
[1] 2018/11/06 22:16:00 Octo/Common.pm 37 Octo.Common INFO - processing finished and data is stored in array
[2] 2018/11/06 22:16:00 Octo/Common.pm 37 Octo.Common INFO - lets start processing
[2] 2018/11/06 22:16:00 Octo/Common.pm 37 Octo.Common INFO - processing finished and data is stored in array
[1] 2018/11/06 22:16:05 Octo/Common.pm 37 Octo.Common INFO - Filname : Metadata.txt
[1] 2018/11/06 22:16:05 Octo/Common.pm 37 Octo.Common INFO - Initialize ReadInputFile
[1] 2018/11/06 22:16:05 Octo/Common.pm 37 Octo.Common INFO - lets start processing
[1] 2018/11/06 22:16:05 Octo/Common.pm 37 Octo.Common INFO - processing finished and data is stored in array
[2] 2018/11/06 22:16:05 Octo/Common.pm 37 Octo.Common INFO - lets start processing
[2] 2018/11/06 22:16:05 Octo/Common.pm 37 Octo.Common INFO - processing finished and data is stored in array
[1] 2018/11/06 22:16:12 Octo/Common.pm 37 Octo.Common INFO - Filname : Metadata.txt
[1] 2018/11/06 22:16:12 Octo/Common.pm 37 Octo.Common INFO - Initialize ReadInputFile
[1] 2018/11/06 22:16:12 Octo/Common.pm 37 Octo.Common INFO - lets start processing
[1] 2018/11/06 22:16:12 Octo/Common.pm 37 Octo.Common INFO - processing finished and data is stored in array
[2] 2018/11/06 22:16:12 Octo/Common.pm 37 Octo.Common INFO - lets start processing
[2] 2018/11/06 22:16:12 Octo/Common.pm 37 Octo.Common INFO - processing finished and data is stored in array
[1] 2018/11/06 22:16:24 Octo/Common.pm 37 Octo.Common INFO - Filname : Metadata.txt
[1] 2018/11/06 22:16:24 Octo/Common.pm 37 Octo.Common INFO - Initialize ReadInputFile
[1] 2018/11/06 22:16:24 Octo/Common.pm 37 Octo.Common INFO - lets start processing
[1] 2018/11/06 22:16:24 Octo/Common.pm 37 Octo.Common INFO - processing finished and data is stored in array
[2] 2018/11/06 22:16:24 Octo/Common.pm 37 Octo.Common INFO - lets start processing
[2] 2018/11/06 22:16:24 Octo/Common.pm 37 Octo.Common INFO - processing finished and data is stored in array
[1] 2018/11/06 22:16:31 Octo/Common.pm 37 Octo.Common INFO - Filname : Metadata.txt
[1] 2018/11/06 22:16:31 Octo/Common.pm 37 Octo.Common INFO - Initialize ReadInputFile
[2] 2018/11/06 22:16:31 Octo/Common.pm 37 Octo.Common INFO - lets start processing
[2] 2018/11/06 22:16:31 Octo/Common.pm 37 Octo.Common INFO - processing finished and data is stored in array
[2] 2018/11/06 22:16:31 Octo/Common.pm 37 Octo.Common INFO - lets start processing
[2] 2018/11/06 22:16:31 Octo/Common.pm 37 Octo.Common INFO - processing finished and data is stored in array
[1] 2018/11/06 22:18:06 Octo/Common.pm 37 Octo.Common INFO - Filname : Metadata.txt
[1] 2018/11/06 22:18:06 Octo/Common.pm 37 Octo.Common INFO - Initialize ReadInputFile
[1] 2018/11/06 22:18:06 Octo/Common.pm 37 Octo.Common INFO - lets start processing
[1] 2018/11/06 22:18:06 Octo/Common.pm 37 Octo.Common INFO - processing finished and data is stored in array
[2] 2018/11/06 22:18:06 Octo/Common.pm 37 Octo.Common INFO - lets start processing
[2] 2018/11/06 22:18:06 Octo/Common.pm 37 Octo.Common INFO - processing finished and data is stored in array
[1] 2018/11/06 22:18:12 Octo/Common.pm 37 Octo.Common INFO - Filname : Metadata.txt
[1] 2018/11/06 22:18:12 Octo/Common.pm 37 Octo.Common INFO - Initialize ReadInputFile
[1] 2018/11/06 22:18:12 Octo/Common.pm 37 Octo.Common INFO - lets start processing
[2] 2018/11/06 22:18:12 Octo/Common.pm 37 Octo.Common INFO - processing finished and data is stored in array
[2] 2018/11/06 22:18:12 Octo/Common.pm 37 Octo.Common INFO - lets start processing
[2] 2018/11/06 22:18:12 Octo/Common.pm 37 Octo.Common INFO - processing finished and data is stored in array
[1] 2018/11/06 22:18:54 Octo/Common.pm 37 Octo.Common INFO - Filname : Metadata.txt
[1] 2018/11/06 22:18:54 Octo/Common.pm 37 Octo.Common INFO - Initialize ReadInputFile
[1] 2018/11/06 22:18:54 Octo/Common.pm 37 Octo.Common INFO - lets start processing
[1] 2018/11/06 22:18:54 Octo/Common.pm 37 Octo.Common INFO - processing finished and data is stored in array
[2] 2018/11/06 22:18:54 Octo/Common.pm 37 Octo.Common INFO - lets start processing
[2] 2018/11/06 22:18:54 Octo/Common.pm 37 Octo.Common INFO - processing finished and data is stored in array
[1] 2018/11/06 22:19:17 Octo/Common.pm 37 Octo.Common INFO - Filname : Metadata.txt
[1] 2018/11/06 22:19:17 Octo/Common.pm 37 Octo.Common INFO - Initialize ReadInputFile
[1] 2018/11/06 22:19:17 Octo/Common.pm 37 Octo.Common INFO - lets start processing
[1] 2018/11/06 22:19:17 Octo/Common.pm 37 Octo.Common INFO - processing finished and data is stored in array
[2] 2018/11/06 22:19:17 Octo/Common.pm 37 Octo.Common INFO - lets start processing
[1] 2018/11/06 22:19:26 Octo/Common.pm 37 Octo.Common INFO - Filname : Metadata.txt
[1] 2018/11/06 22:19:26 Octo/Common.pm 37 Octo.Common INFO - Initialize ReadInputFile
[1] 2018/11/06 22:19:26 Octo/Common.pm 37 Octo.Common INFO - lets start processing
[1] 2018/11/06 22:19:26 Octo/Common.pm 37 Octo.Common INFO - processing finished and data is stored in array
[2] 2018/11/06 22:19:26 Octo/Common.pm 37 Octo.Common INFO - lets start processing
[2] 2018/11/06 22:19:26 Octo/Common.pm 37 Octo.Common INFO - processing finished and data is stored in array
[1] 2018/11/06 22:19:31 Octo/Common.pm 37 Octo.Common INFO - Filname : Metadata.txt
[1] 2018/11/06 22:19:31 Octo/Common.pm 37 Octo.Common INFO - Initialize ReadInputFile
[1] 2018/11/06 22:19:31 Octo/Common.pm 37 Octo.Common INFO - lets start processing
[1] 2018/11/06 22:19:31 Octo/Common.pm 37 Octo.Common INFO - processing finished and data is stored in array
[2] 2018/11/06 22:19:31 Octo/Common.pm 37 Octo.Common INFO - lets start processing
[1] 2018/11/06 22:19:40 Octo/Common.pm 37 Octo.Common INFO - Filname : Metadata.txt
[1] 2018/11/06 22:19:40 Octo/Common.pm 37 Octo.Common INFO - Initialize ReadInputFile
[1] 2018/11/06 22:19:40 Octo/Common.pm 37 Octo.Common INFO - lets start processing
[1] 2018/11/06 22:19:40 Octo/Common.pm 37 Octo.Common INFO - processing finished and data is stored in array
[2] 2018/11/06 22:19:40 Octo/Common.pm 37 Octo.Common INFO - lets start processing
[2] 2018/11/06 22:19:40 Octo/Common.pm 37 Octo.Common INFO - processing finished and data is stored in array
[1] 2018/11/06 22:21:12 Octo/Common.pm 37 Octo.Common INFO - Filname : Metadata.txt
[1] 2018/11/06 22:21:12 Octo/Common.pm 37 Octo.Common INFO - Initialize ReadInputFile
[1] 2018/11/06 22:21:12 Octo/Common.pm 37 Octo.Common INFO - lets start processing
[1] 2018/11/06 22:21:12 Octo/Common.pm 37 Octo.Common INFO - processing finished and data is stored in array
[1] 2018/11/06 22:21:12 Octo/Common.pm 37 Octo.Common INFO - lets start processing
[2] 2018/11/06 22:21:12 Octo/Common.pm 37 Octo.Common INFO - processing finished and data is stored in array
[1] 2018/11/06 22:21:32 Octo/Common.pm 37 Octo.Common INFO - Filname : Metadata.txt
[1] 2018/11/06 22:21:32 Octo/Common.pm 37 Octo.Common INFO - Initialize ReadInputFile
[1] 2018/11/06 22:21:32 Octo/Common.pm 37 Octo.Common INFO - lets start processing
[1] 2018/11/06 22:21:32 Octo/Common.pm 37 Octo.Common INFO - processing finished and data is stored in array
[2] 2018/11/06 22:21:32 Octo/Common.pm 37 Octo.Common INFO - lets start processing
[2] 2018/11/06 22:21:32 Octo/Common.pm 37 Octo.Common INFO - processing finished and data is stored in array
[1] 2018/11/06 22:23:50 Octo/Common.pm 37 Octo.Common INFO - Filname : Metadata.txt
[1] 2018/11/06 22:23:50 Octo/Common.pm 37 Octo.Common INFO - Initialize ReadInputFile
[1] 2018/11/06 22:23:50 Octo/Common.pm 37 Octo.Common INFO - lets start processing
[1] 2018/11/06 22:23:50 Octo/Common.pm 37 Octo.Common INFO - processing finished and data is stored in array
[2] 2018/11/06 22:23:50 Octo/Common.pm 37 Octo.Common INFO - lets start processing
[2] 2018/11/06 22:23:50 Octo/Common.pm 37 Octo.Common INFO - processing finished and data is stored in array
[1] 2018/11/06 22:24:06 Octo/Common.pm 37 Octo.Common INFO - Filname : Metadata.txt
[1] 2018/11/06 22:24:06 Octo/Common.pm 37 Octo.Common INFO - Initialize ReadInputFile
[1] 2018/11/06 22:24:06 Octo/Common.pm 37 Octo.Common INFO - lets start processing
[1] 2018/11/06 22:24:06 Octo/Common.pm 37 Octo.Common INFO - processing finished and data is stored in array
[2] 2018/11/06 22:24:06 Octo/Common.pm 37 Octo.Common INFO - lets start processing
[2] 2018/11/06 22:24:06 Octo/Common.pm 37 Octo.Common INFO - processing finished and data is stored in array
[1] 2018/11/06 22:24:34 Octo/Common.pm 37 Octo.Common INFO - Filname : Metadata.txt
[1] 2018/11/06 22:24:34 Octo/Common.pm 37 Octo.Common INFO - Initialize ReadInputFile
[1] 2018/11/06 22:24:34 Octo/Common.pm 37 Octo.Common INFO - lets start processing
[1] 2018/11/06 22:24:34 Octo/Common.pm 37 Octo.Common INFO - processing finished and data is stored in array
[2] 2018/11/06 22:24:34 Octo/Common.pm 37 Octo.Common INFO - lets start processing
[2] 2018/11/06 22:24:34 Octo/Common.pm 37 Octo.Common INFO - processing finished and data is stored in array
[2] 2018/11/06 22:24:34 Octo/Common.pm 37 Octo.Common INFO - We have processed the file and stored data in daily_summary array
[2] 2018/11/06 22:24:34 Octo/Common.pm 37 Octo.Common INFO - total records processed 4
[2] 2018/11/06 22:24:34 Octo/Common.pm 37 Octo.Common INFO - atleast there is one row to create output file
[1] 2018/11/06 22:25:13 Octo/Common.pm 37 Octo.Common INFO - Filname : Metadata.txt
[1] 2018/11/06 22:25:13 Octo/Common.pm 37 Octo.Common INFO - Initialize ReadInputFile
[1] 2018/11/06 22:25:13 Octo/Common.pm 37 Octo.Common INFO - lets start processing
[1] 2018/11/06 22:25:13 Octo/Common.pm 37 Octo.Common INFO - processing finished and data is stored in array
[2] 2018/11/06 22:25:13 Octo/Common.pm 37 Octo.Common INFO - lets start processing
[2] 2018/11/06 22:25:13 Octo/Common.pm 37 Octo.Common INFO - processing finished and data is stored in array
[2] 2018/11/06 22:25:13 Octo/Common.pm 37 Octo.Common INFO - We have processed the file and stored data in daily_summary array
[2] 2018/11/06 22:25:13 Octo/Common.pm 37 Octo.Common INFO - total records processed 4
[2] 2018/11/06 22:25:13 Octo/Common.pm 37 Octo.Common INFO - atleast there is one row to create output file
[1] 2018/11/06 22:26:46 Octo/Common.pm 37 Octo.Common INFO - Filname : Metadata.txt
[1] 2018/11/06 22:26:46 Octo/Common.pm 37 Octo.Common INFO - Initialize ReadInputFile
[1] 2018/11/06 22:26:46 Octo/Common.pm 37 Octo.Common INFO - lets start processing
[1] 2018/11/06 22:26:46 Octo/Common.pm 37 Octo.Common INFO - processing finished and data is stored in array
[2] 2018/11/06 22:26:46 Octo/Common.pm 37 Octo.Common INFO - lets start processing
[2] 2018/11/06 22:26:46 Octo/Common.pm 37 Octo.Common INFO - processing finished and data is stored in array
[2] 2018/11/06 22:26:46 Octo/Common.pm 37 Octo.Common INFO - We have processed the file and stored data in daily_summary array
[2] 2018/11/06 22:26:46 Octo/Common.pm 37 Octo.Common INFO - total records processed 4
[2] 2018/11/06 22:26:46 Octo/Common.pm 37 Octo.Common INFO - atleast there is one row to create output file
[1] 2018/11/06 22:27:12 Octo/Common.pm 37 Octo.Common INFO - Filname : Metadata.txt
[1] 2018/11/06 22:27:12 Octo/Common.pm 37 Octo.Common INFO - Initialize ReadInputFile
[1] 2018/11/06 22:27:12 Octo/Common.pm 37 Octo.Common INFO - lets start processing
[1] 2018/11/06 22:27:12 Octo/Common.pm 37 Octo.Common INFO - processing finished and data is stored in array
[1] 2018/11/06 22:27:12 Octo/Common.pm 37 Octo.Common INFO - lets start processing
[2] 2018/11/06 22:27:12 Octo/Common.pm 37 Octo.Common INFO - processing finished and data is stored in array
[2] 2018/11/06 22:27:12 Octo/Common.pm 37 Octo.Common INFO - We have processed the file and stored data in daily_summary array
[2] 2018/11/06 22:27:12 Octo/Common.pm 37 Octo.Common INFO - total records processed 4
[2] 2018/11/06 22:27:12 Octo/Common.pm 37 Octo.Common INFO - atleast there is one row to create output file
[1] 2018/11/06 22:27:19 Octo/Common.pm 37 Octo.Common INFO - Filname : Metadata.txt
[1] 2018/11/06 22:27:19 Octo/Common.pm 37 Octo.Common INFO - Initialize ReadInputFile
[1] 2018/11/06 22:27:19 Octo/Common.pm 37 Octo.Common INFO - lets start processing
[1] 2018/11/06 22:27:19 Octo/Common.pm 37 Octo.Common INFO - processing finished and data is stored in array
[1] 2018/11/06 22:27:19 Octo/Common.pm 37 Octo.Common INFO - lets start processing
[1] 2018/11/06 22:27:19 Octo/Common.pm 37 Octo.Common INFO - processing finished and data is stored in array
[2] 2018/11/06 22:27:19 Octo/Common.pm 37 Octo.Common INFO - We have processed the file and stored data in daily_summary array
[2] 2018/11/06 22:27:19 Octo/Common.pm 37 Octo.Common INFO - total records processed 4
[2] 2018/11/06 22:27:19 Octo/Common.pm 37 Octo.Common INFO - atleast there is one row to create output file
[1] 2018/11/06 22:27:34 Octo/Common.pm 37 Octo.Common INFO - Filname : Metadata.txt
[1] 2018/11/06 22:27:34 Octo/Common.pm 37 Octo.Common INFO - Initialize ReadInputFile
[1] 2018/11/06 22:27:34 Octo/Common.pm 37 Octo.Common INFO - lets start processing
[1] 2018/11/06 22:27:34 Octo/Common.pm 37 Octo.Common INFO - processing finished and data is stored in array
[1] 2018/11/06 22:27:34 Octo/Common.pm 37 Octo.Common INFO - lets start processing
[2] 2018/11/06 22:27:34 Octo/Common.pm 37 Octo.Common INFO - processing finished and data is stored in array
[2] 2018/11/06 22:27:34 Octo/Common.pm 37 Octo.Common INFO - We have processed the file and stored data in daily_summary array
[2] 2018/11/06 22:27:34 Octo/Common.pm 37 Octo.Common INFO - total records processed 1
[2] 2018/11/06 22:27:34 Octo/Common.pm 37 Octo.Common INFO - atleast there is one row to create output file
[1] 2018/11/06 22:27:50 Octo/Common.pm 37 Octo.Common INFO - Filname : Metadata.txt
[1] 2018/11/06 22:27:50 Octo/Common.pm 37 Octo.Common INFO - Initialize ReadInputFile
[1] 2018/11/06 22:27:50 Octo/Common.pm 37 Octo.Common INFO - lets start processing
[1] 2018/11/06 22:27:50 Octo/Common.pm 37 Octo.Common INFO - processing finished and data is stored in array
[2] 2018/11/06 22:27:50 Octo/Common.pm 37 Octo.Common INFO - lets start processing
[2] 2018/11/06 22:27:50 Octo/Common.pm 37 Octo.Common INFO - processing finished and data is stored in array
[2] 2018/11/06 22:27:50 Octo/Common.pm 37 Octo.Common INFO - We have processed the file and stored data in daily_summary array
[2] 2018/11/06 22:27:50 Octo/Common.pm 37 Octo.Common INFO - total records processed 4
[2] 2018/11/06 22:27:50 Octo/Common.pm 37 Octo.Common INFO - atleast there is one row to create output file
[1] 2018/11/06 22:28:35 Octo/Common.pm 37 Octo.Common ERROR - please pass Filename
[1] 2018/11/06 22:28:56 Octo/Common.pm 37 Octo.Common ERROR - please pass Filename
[1] 2018/11/06 22:29:09 Octo/Common.pm 37 Octo.Common ERROR - please pass Filename
[1] 2018/11/06 22:29:24 Octo/Common.pm 37 Octo.Common INFO - Filname : Metadata.txt
[1] 2018/11/06 22:29:24 Octo/Common.pm 37 Octo.Common INFO - Initialize ReadInputFile
[1] 2018/11/06 22:29:24 Octo/Common.pm 37 Octo.Common INFO - lets start processing
[1] 2018/11/06 22:29:24 Octo/Common.pm 37 Octo.Common INFO - processing finished and data is stored in array
[2] 2018/11/06 22:29:24 Octo/Common.pm 37 Octo.Common INFO - lets start processing
[2] 2018/11/06 22:29:24 Octo/Common.pm 37 Octo.Common INFO - processing finished and data is stored in array
[2] 2018/11/06 22:29:24 Octo/Common.pm 37 Octo.Common INFO - We have processed the file and stored data in daily_summary array
[2] 2018/11/06 22:29:24 Octo/Common.pm 37 Octo.Common INFO - total records processed 3
[2] 2018/11/06 22:29:24 Octo/Common.pm 37 Octo.Common INFO - atleast there is one row to create output file
[1] 2018/11/06 22:30:10 Octo/Common.pm 37 Octo.Common INFO - Filname : Metadata.txt
[1] 2018/11/06 22:30:10 Octo/Common.pm 37 Octo.Common INFO - Initialize ReadInputFile
[1] 2018/11/06 22:30:10 Octo/Common.pm 37 Octo.Common INFO - lets start processing
[1] 2018/11/06 22:30:10 Octo/Common.pm 37 Octo.Common INFO - processing finished and data is stored in array
[2] 2018/11/06 22:30:10 Octo/Common.pm 37 Octo.Common INFO - lets start processing
[2] 2018/11/06 22:30:10 Octo/Common.pm 37 Octo.Common INFO - processing finished and data is stored in array
[2] 2018/11/06 22:30:10 Octo/Common.pm 37 Octo.Common INFO - We have processed the file and stored data in daily_summary array
[2] 2018/11/06 22:30:10 Octo/Common.pm 37 Octo.Common INFO - total records processed 3
[2] 2018/11/06 22:30:10 Octo/Common.pm 37 Octo.Common INFO - atleast there is one row to create output file
[1] 2018/11/06 22:30:20 Octo/Common.pm 37 Octo.Common INFO - Filname : Metadata.txt
[1] 2018/11/06 22:30:20 Octo/Common.pm 37 Octo.Common INFO - Initialize ReadInputFile
[1] 2018/11/06 22:30:20 Octo/Common.pm 37 Octo.Common INFO - lets start processing
[1] 2018/11/06 22:30:20 Octo/Common.pm 37 Octo.Common INFO - processing finished and data is stored in array
[2] 2018/11/06 22:30:20 Octo/Common.pm 37 Octo.Common INFO - lets start processing
[2] 2018/11/06 22:30:20 Octo/Common.pm 37 Octo.Common INFO - processing finished and data is stored in array
[2] 2018/11/06 22:30:20 Octo/Common.pm 37 Octo.Common INFO - We have processed the file and stored data in daily_summary array
[2] 2018/11/06 22:30:20 Octo/Common.pm 37 Octo.Common INFO - total records processed 3
[2] 2018/11/06 22:30:20 Octo/Common.pm 37 Octo.Common INFO - atleast there is one row to create output file
[1] 2018/11/06 22:30:56 Octo/Common.pm 37 Octo.Common INFO - Filname : Metadata.txt
[1] 2018/11/06 22:30:56 Octo/Common.pm 37 Octo.Common INFO - Initialize ReadInputFile
[1] 2018/11/06 22:30:56 Octo/Common.pm 37 Octo.Common INFO - lets start processing
[1] 2018/11/06 22:30:56 Octo/Common.pm 37 Octo.Common INFO - processing finished and data is stored in array
[2] 2018/11/06 22:30:56 Octo/Common.pm 37 Octo.Common INFO - lets start processing
[2] 2018/11/06 22:30:56 Octo/Common.pm 37 Octo.Common INFO - processing finished and data is stored in array
[2] 2018/11/06 22:30:56 Octo/Common.pm 37 Octo.Common INFO - We have processed the file and stored data in daily_summary array
[2] 2018/11/06 22:30:56 Octo/Common.pm 37 Octo.Common INFO - total records processed 3
[2] 2018/11/06 22:30:56 Octo/Common.pm 37 Octo.Common INFO - atleast there is one row to create output file
[1] 2018/11/06 22:31:19 Octo/Common.pm 37 Octo.Common INFO - Filname : Metadata.txt
[1] 2018/11/06 22:31:19 Octo/Common.pm 37 Octo.Common INFO - Initialize ReadInputFile
[1] 2018/11/06 22:31:19 Octo/Common.pm 37 Octo.Common INFO - lets start processing
[1] 2018/11/06 22:31:19 Octo/Common.pm 37 Octo.Common INFO - processing finished and data is stored in array
[1] 2018/11/06 22:31:19 Octo/Common.pm 37 Octo.Common INFO - lets start processing
[2] 2018/11/06 22:31:19 Octo/Common.pm 37 Octo.Common INFO - processing finished and data is stored in array
[2] 2018/11/06 22:31:19 Octo/Common.pm 37 Octo.Common INFO - We have processed the file and stored data in daily_summary array
[2] 2018/11/06 22:31:19 Octo/Common.pm 37 Octo.Common INFO - total records processed 3
[2] 2018/11/06 22:31:19 Octo/Common.pm 37 Octo.Common INFO - atleast there is one row to create output file
[1] 2018/11/06 22:33:11 Octo/Common.pm 37 Octo.Common INFO - Filname : Metadata.txt
[1] 2018/11/06 22:33:11 Octo/Common.pm 37 Octo.Common INFO - Initialize ReadInputFile
[1] 2018/11/06 22:33:11 Octo/Common.pm 37 Octo.Common INFO - lets start processing
[1] 2018/11/06 22:33:11 Octo/Common.pm 37 Octo.Common INFO - processing finished and data is stored in array
[2] 2018/11/06 22:33:11 Octo/Common.pm 37 Octo.Common INFO - lets start processing
[2] 2018/11/06 22:33:11 Octo/Common.pm 37 Octo.Common INFO - processing finished and data is stored in array
[2] 2018/11/06 22:33:11 Octo/Common.pm 37 Octo.Common INFO - We have processed the file and stored data in daily_summary array
[2] 2018/11/06 22:33:11 Octo/Common.pm 37 Octo.Common INFO - total records processed 3
[2] 2018/11/06 22:33:11 Octo/Common.pm 37 Octo.Common INFO - atleast there is one row to create output file
[1] 2018/11/06 22:33:26 Octo/Common.pm 37 Octo.Common INFO - Filname : Metadata.txt
[1] 2018/11/06 22:33:26 Octo/Common.pm 37 Octo.Common INFO - Initialize ReadInputFile
[1] 2018/11/06 22:33:26 Octo/Common.pm 37 Octo.Common INFO - lets start processing
[1] 2018/11/06 22:33:26 Octo/Common.pm 37 Octo.Common INFO - processing finished and data is stored in array
[2] 2018/11/06 22:33:26 Octo/Common.pm 37 Octo.Common INFO - lets start processing
[2] 2018/11/06 22:33:26 Octo/Common.pm 37 Octo.Common INFO - processing finished and data is stored in array
[2] 2018/11/06 22:33:26 Octo/Common.pm 37 Octo.Common INFO - We have processed the file and stored data in daily_summary array
[2] 2018/11/06 22:33:26 Octo/Common.pm 37 Octo.Common INFO - total records processed 3
[2] 2018/11/06 22:33:26 Octo/Common.pm 37 Octo.Common INFO - atleast there is one row to create output file
[1] 2018/11/06 22:34:02 Octo/Common.pm 37 Octo.Common INFO - Filname : Metadata.txt
[1] 2018/11/06 22:34:02 Octo/Common.pm 37 Octo.Common INFO - Initialize ReadInputFile
[1] 2018/11/06 22:34:02 Octo/Common.pm 37 Octo.Common INFO - lets start processing
[1] 2018/11/06 22:34:02 Octo/Common.pm 37 Octo.Common INFO - processing finished and data is stored in array
[1] 2018/11/06 22:34:02 Octo/Common.pm 37 Octo.Common INFO - lets start processing
[2] 2018/11/06 22:34:02 Octo/Common.pm 37 Octo.Common INFO - processing finished and data is stored in array
[2] 2018/11/06 22:34:02 Octo/Common.pm 37 Octo.Common INFO - We have processed the file and stored data in daily_summary array
[2] 2018/11/06 22:34:02 Octo/Common.pm 37 Octo.Common INFO - total records processed 3
[2] 2018/11/06 22:34:02 Octo/Common.pm 37 Octo.Common INFO - atleast there is one row to create output file
[1] 2018/11/06 22:34:14 Octo/Common.pm 37 Octo.Common INFO - Filname : Metadata.txt
[1] 2018/11/06 22:34:14 Octo/Common.pm 37 Octo.Common INFO - Initialize ReadInputFile
[1] 2018/11/06 22:34:14 Octo/Common.pm 37 Octo.Common INFO - lets start processing
[1] 2018/11/06 22:34:14 Octo/Common.pm 37 Octo.Common INFO - processing finished and data is stored in array
[1] 2018/11/06 22:34:14 Octo/Common.pm 37 Octo.Common INFO - lets start processing
[2] 2018/11/06 22:34:14 Octo/Common.pm 37 Octo.Common INFO - processing finished and data is stored in array
[2] 2018/11/06 22:34:14 Octo/Common.pm 37 Octo.Common INFO - We have processed the file and stored data in daily_summary array
[2] 2018/11/06 22:34:14 Octo/Common.pm 37 Octo.Common INFO - total records processed 3
[2] 2018/11/06 22:34:14 Octo/Common.pm 37 Octo.Common INFO - atleast there is one row to create output file
[1] 2018/11/06 22:34:34 Octo/Common.pm 37 Octo.Common INFO - Filname : Metadata.txt
[1] 2018/11/06 22:34:34 Octo/Common.pm 37 Octo.Common INFO - Initialize ReadInputFile
[1] 2018/11/06 22:34:34 Octo/Common.pm 37 Octo.Common INFO - lets start processing
[1] 2018/11/06 22:34:34 Octo/Common.pm 37 Octo.Common INFO - processing finished and data is stored in array
[2] 2018/11/06 22:34:34 Octo/Common.pm 37 Octo.Common INFO - lets start processing
[2] 2018/11/06 22:34:34 Octo/Common.pm 37 Octo.Common INFO - processing finished and data is stored in array
[2] 2018/11/06 22:34:34 Octo/Common.pm 37 Octo.Common INFO - We have processed the file and stored data in daily_summary array
[2] 2018/11/06 22:34:34 Octo/Common.pm 37 Octo.Common INFO - total records processed 3
[2] 2018/11/06 22:34:34 Octo/Common.pm 37 Octo.Common INFO - atleast there is one row to create output file
[1] 2018/11/06 22:35:15 Octo/Common.pm 37 Octo.Common INFO - Filname : Metadata.txt
[1] 2018/11/06 22:35:15 Octo/Common.pm 37 Octo.Common INFO - Initialize ReadInputFile
[1] 2018/11/06 22:35:15 Octo/Common.pm 37 Octo.Common INFO - lets start processing
[1] 2018/11/06 22:35:15 Octo/Common.pm 37 Octo.Common INFO - processing finished and data is stored in array
[1] 2018/11/06 22:35:15 Octo/Common.pm 37 Octo.Common INFO - lets start processing
[2] 2018/11/06 22:35:15 Octo/Common.pm 37 Octo.Common INFO - processing finished and data is stored in array
[2] 2018/11/06 22:35:15 Octo/Common.pm 37 Octo.Common INFO - We have processed the file and stored data in daily_summary array
[2] 2018/11/06 22:35:15 Octo/Common.pm 37 Octo.Common INFO - total records processed 3
[2] 2018/11/06 22:35:15 Octo/Common.pm 37 Octo.Common INFO - atleast there is one row to create output file
[1] 2018/11/06 22:35:23 Octo/Common.pm 37 Octo.Common INFO - Filname : Metadata.txt
[1] 2018/11/06 22:35:23 Octo/Common.pm 37 Octo.Common INFO - Initialize ReadInputFile
[1] 2018/11/06 22:35:23 Octo/Common.pm 37 Octo.Common INFO - lets start processing
[1] 2018/11/06 22:35:23 Octo/Common.pm 37 Octo.Common INFO - processing finished and data is stored in array
[1] 2018/11/06 22:35:23 Octo/Common.pm 37 Octo.Common INFO - lets start processing
[2] 2018/11/06 22:35:23 Octo/Common.pm 37 Octo.Common INFO - processing finished and data is stored in array
[2] 2018/11/06 22:35:23 Octo/Common.pm 37 Octo.Common INFO - We have processed the file and stored data in daily_summary array
[2] 2018/11/06 22:35:23 Octo/Common.pm 37 Octo.Common INFO - total records processed 3
[2] 2018/11/06 22:35:23 Octo/Common.pm 37 Octo.Common INFO - atleast there is one row to create output file
[1] 2018/11/06 22:35:29 Octo/Common.pm 37 Octo.Common INFO - Filname : Metadata.txt
[1] 2018/11/06 22:35:29 Octo/Common.pm 37 Octo.Common INFO - Initialize ReadInputFile
[1] 2018/11/06 22:35:29 Octo/Common.pm 37 Octo.Common INFO - lets start processing
[1] 2018/11/06 22:35:29 Octo/Common.pm 37 Octo.Common INFO - processing finished and data is stored in array
[1] 2018/11/06 22:35:29 Octo/Common.pm 37 Octo.Common INFO - lets start processing
[2] 2018/11/06 22:35:29 Octo/Common.pm 37 Octo.Common INFO - processing finished and data is stored in array
[2] 2018/11/06 22:35:29 Octo/Common.pm 37 Octo.Common INFO - We have processed the file and stored data in daily_summary array
[2] 2018/11/06 22:35:29 Octo/Common.pm 37 Octo.Common INFO - total records processed 3
[2] 2018/11/06 22:35:29 Octo/Common.pm 37 Octo.Common INFO - atleast there is one row to create output file
[1] 2018/11/06 22:35:40 Octo/Common.pm 37 Octo.Common INFO - Filname : Metadata.txt
[1] 2018/11/06 22:35:40 Octo/Common.pm 37 Octo.Common INFO - Initialize ReadInputFile
[2] 2018/11/06 22:35:40 Octo/Common.pm 37 Octo.Common INFO - lets start processing
[2] 2018/11/06 22:35:40 Octo/Common.pm 37 Octo.Common INFO - processing finished and data is stored in array
[2] 2018/11/06 22:35:40 Octo/Common.pm 37 Octo.Common INFO - lets start processing
[2] 2018/11/06 22:35:40 Octo/Common.pm 37 Octo.Common INFO - processing finished and data is stored in array
[2] 2018/11/06 22:35:40 Octo/Common.pm 37 Octo.Common INFO - We have processed the file and stored data in daily_summary array
[2] 2018/11/06 22:35:40 Octo/Common.pm 37 Octo.Common INFO - total records processed 3
[2] 2018/11/06 22:35:40 Octo/Common.pm 37 Octo.Common INFO - atleast there is one row to create output file
[1] 2018/11/06 22:35:56 Octo/Common.pm 37 Octo.Common INFO - Filname : Metadata.txt
[1] 2018/11/06 22:35:56 Octo/Common.pm 37 Octo.Common INFO - Initialize ReadInputFile
[1] 2018/11/06 22:35:56 Octo/Common.pm 37 Octo.Common INFO - lets start processing
[1] 2018/11/06 22:35:56 Octo/Common.pm 37 Octo.Common INFO - processing finished and data is stored in array
[2] 2018/11/06 22:35:56 Octo/Common.pm 37 Octo.Common INFO - lets start processing
[2] 2018/11/06 22:35:56 Octo/Common.pm 37 Octo.Common INFO - processing finished and data is stored in array
[2] 2018/11/06 22:35:56 Octo/Common.pm 37 Octo.Common INFO - We have processed the file and stored data in daily_summary array
[2] 2018/11/06 22:35:56 Octo/Common.pm 37 Octo.Common INFO - total records processed 3
[2] 2018/11/06 22:35:56 Octo/Common.pm 37 Octo.Common INFO - atleast there is one row to create output file
[1] 2018/11/06 22:36:14 Octo/Common.pm 37 Octo.Common INFO - Filname : Metadata.txt
[1] 2018/11/06 22:36:14 Octo/Common.pm 37 Octo.Common INFO - Initialize ReadInputFile
[1] 2018/11/06 22:36:14 Octo/Common.pm 37 Octo.Common INFO - lets start processing
[1] 2018/11/06 22:36:14 Octo/Common.pm 37 Octo.Common INFO - processing finished and data is stored in array
[1] 2018/11/06 22:36:14 Octo/Common.pm 37 Octo.Common INFO - lets start processing
[2] 2018/11/06 22:36:14 Octo/Common.pm 37 Octo.Common INFO - processing finished and data is stored in array
[2] 2018/11/06 22:36:14 Octo/Common.pm 37 Octo.Common INFO - We have processed the file and stored data in daily_summary array
[2] 2018/11/06 22:36:14 Octo/Common.pm 37 Octo.Common INFO - total records processed 3
[2] 2018/11/06 22:36:14 Octo/Common.pm 37 Octo.Common INFO - atleast there is one row to create output file
[1] 2018/11/06 22:36:43 Octo/Common.pm 37 Octo.Common INFO - Filname : Metadata.txt
[1] 2018/11/06 22:36:43 Octo/Common.pm 37 Octo.Common INFO - Initialize ReadInputFile
[1] 2018/11/06 22:36:43 Octo/Common.pm 37 Octo.Common INFO - lets start processing
[1] 2018/11/06 22:36:43 Octo/Common.pm 37 Octo.Common INFO - processing finished and data is stored in array
[2] 2018/11/06 22:36:43 Octo/Common.pm 37 Octo.Common INFO - lets start processing
[2] 2018/11/06 22:36:43 Octo/Common.pm 37 Octo.Common INFO - processing finished and data is stored in array
[2] 2018/11/06 22:36:43 Octo/Common.pm 37 Octo.Common INFO - We have processed the file and stored data in daily_summary array
[2] 2018/11/06 22:36:43 Octo/Common.pm 37 Octo.Common INFO - total records processed 3
[2] 2018/11/06 22:36:43 Octo/Common.pm 37 Octo.Common INFO - atleast there is one row to create output file
[1] 2018/11/06 22:36:49 Octo/Common.pm 37 Octo.Common INFO - Filname : Metadata.txt
[1] 2018/11/06 22:36:49 Octo/Common.pm 37 Octo.Common INFO - Initialize ReadInputFile
[1] 2018/11/06 22:36:49 Octo/Common.pm 37 Octo.Common INFO - lets start processing
[1] 2018/11/06 22:36:49 Octo/Common.pm 37 Octo.Common INFO - processing finished and data is stored in array
[1] 2018/11/06 22:36:49 Octo/Common.pm 37 Octo.Common INFO - lets start processing
[2] 2018/11/06 22:36:49 Octo/Common.pm 37 Octo.Common INFO - processing finished and data is stored in array
[2] 2018/11/06 22:36:49 Octo/Common.pm 37 Octo.Common INFO - We have processed the file and stored data in daily_summary array
[2] 2018/11/06 22:36:49 Octo/Common.pm 37 Octo.Common INFO - total records processed 3
[2] 2018/11/06 22:36:49 Octo/Common.pm 37 Octo.Common INFO - atleast there is one row to create output file
[1] 2018/11/06 22:40:45 Octo/Common.pm 37 Octo.Common INFO - Filname : Metadata.txt
[1] 2018/11/06 22:40:45 Octo/Common.pm 37 Octo.Common INFO - Initialize ReadInputFile
[1] 2018/11/06 22:40:45 Octo/Common.pm 37 Octo.Common INFO - lets start processing
[1] 2018/11/06 22:40:45 Octo/Common.pm 37 Octo.Common INFO - processing finished and data is stored in array
[2] 2018/11/06 22:40:45 Octo/Common.pm 37 Octo.Common INFO - lets start processing
[2] 2018/11/06 22:40:45 Octo/Common.pm 37 Octo.Common INFO - processing finished and data is stored in array
[2] 2018/11/06 22:40:45 Octo/Common.pm 37 Octo.Common INFO - We have processed the file and stored data in daily_summary array
[2] 2018/11/06 22:40:45 Octo/Common.pm 37 Octo.Common INFO - total records processed 3
[2] 2018/11/06 22:40:45 Octo/Common.pm 37 Octo.Common INFO - atleast there is one row to create output file
[1] 2018/11/06 22:41:08 Octo/Common.pm 37 Octo.Common INFO - Filname : Metadata.txt
[1] 2018/11/06 22:41:08 Octo/Common.pm 37 Octo.Common INFO - Initialize ReadInputFile
[1] 2018/11/06 22:41:08 Octo/Common.pm 37 Octo.Common INFO - lets start processing
[1] 2018/11/06 22:41:08 Octo/Common.pm 37 Octo.Common INFO - processing finished and data is stored in array
[2] 2018/11/06 22:41:08 Octo/Common.pm 37 Octo.Common INFO - lets start processing
[2] 2018/11/06 22:41:08 Octo/Common.pm 37 Octo.Common INFO - processing finished and data is stored in array
[2] 2018/11/06 22:41:08 Octo/Common.pm 37 Octo.Common INFO - We have processed the file and stored data in daily_summary array
[2] 2018/11/06 22:41:08 Octo/Common.pm 37 Octo.Common INFO - total records processed 3
[2] 2018/11/06 22:41:08 Octo/Common.pm 37 Octo.Common INFO - atleast there is one row to create output file
[1] 2018/11/06 22:41:17 Octo/Common.pm 37 Octo.Common INFO - Filname : Metadata.txt
[1] 2018/11/06 22:41:17 Octo/Common.pm 37 Octo.Common INFO - Initialize ReadInputFile
[1] 2018/11/06 22:41:17 Octo/Common.pm 37 Octo.Common INFO - lets start processing
[1] 2018/11/06 22:41:17 Octo/Common.pm 37 Octo.Common INFO - processing finished and data is stored in array
[1] 2018/11/06 22:41:17 Octo/Common.pm 37 Octo.Common INFO - lets start processing
[2] 2018/11/06 22:41:17 Octo/Common.pm 37 Octo.Common INFO - processing finished and data is stored in array
[2] 2018/11/06 22:41:17 Octo/Common.pm 37 Octo.Common INFO - We have processed the file and stored data in daily_summary array
[2] 2018/11/06 22:41:17 Octo/Common.pm 37 Octo.Common INFO - total records processed 3
[2] 2018/11/06 22:41:17 Octo/Common.pm 37 Octo.Common INFO - atleast there is one row to create output file
[1] 2018/11/06 22:41:51 Octo/Common.pm 37 Octo.Common INFO - Filname : Metadata.txt
[1] 2018/11/06 22:41:51 Octo/Common.pm 37 Octo.Common INFO - Initialize ReadInputFile
[1] 2018/11/06 22:41:51 Octo/Common.pm 37 Octo.Common INFO - lets start processing
[1] 2018/11/06 22:41:51 Octo/Common.pm 37 Octo.Common INFO - processing finished and data is stored in array
[2] 2018/11/06 22:41:51 Octo/Common.pm 37 Octo.Common INFO - lets start processing
[2] 2018/11/06 22:41:51 Octo/Common.pm 37 Octo.Common INFO - processing finished and data is stored in array
[2] 2018/11/06 22:41:51 Octo/Common.pm 37 Octo.Common INFO - We have processed the file and stored data in daily_summary array
[2] 2018/11/06 22:41:51 Octo/Common.pm 37 Octo.Common INFO - total records processed 3
[2] 2018/11/06 22:41:51 Octo/Common.pm 37 Octo.Common INFO - atleast there is one row to create output file
[1] 2018/11/06 22:42:03 Octo/Common.pm 37 Octo.Common INFO - Filname : Metadata.txt
[1] 2018/11/06 22:42:03 Octo/Common.pm 37 Octo.Common INFO - Initialize ReadInputFile
[1] 2018/11/06 22:42:03 Octo/Common.pm 37 Octo.Common INFO - lets start processing
[1] 2018/11/06 22:42:03 Octo/Common.pm 37 Octo.Common INFO - processing finished and data is stored in array
[1] 2018/11/06 22:42:03 Octo/Common.pm 37 Octo.Common INFO - lets start processing
[2] 2018/11/06 22:42:03 Octo/Common.pm 37 Octo.Common INFO - processing finished and data is stored in array
[2] 2018/11/06 22:42:03 Octo/Common.pm 37 Octo.Common INFO - We have processed the file and stored data in daily_summary array
[2] 2018/11/06 22:42:03 Octo/Common.pm 37 Octo.Common INFO - total records processed 3
[2] 2018/11/06 22:42:03 Octo/Common.pm 37 Octo.Common INFO - atleast there is one row to create output file
[1] 2018/11/06 22:42:29 Octo/Common.pm 37 Octo.Common INFO - Filname : Metadata.txt
[1] 2018/11/06 22:42:29 Octo/Common.pm 37 Octo.Common INFO - Initialize ReadInputFile
[1] 2018/11/06 22:42:29 Octo/Common.pm 37 Octo.Common INFO - lets start processing
[1] 2018/11/06 22:42:29 Octo/Common.pm 37 Octo.Common INFO - processing finished and data is stored in array
[1] 2018/11/06 22:42:29 Octo/Common.pm 37 Octo.Common INFO - lets start processing
[2] 2018/11/06 22:42:29 Octo/Common.pm 37 Octo.Common INFO - processing finished and data is stored in array
[2] 2018/11/06 22:42:29 Octo/Common.pm 37 Octo.Common INFO - We have processed the file and stored data in daily_summary array
[2] 2018/11/06 22:42:29 Octo/Common.pm 37 Octo.Common INFO - total records processed 3
[1] 2018/11/06 22:42:33 Octo/Common.pm 37 Octo.Common INFO - Filname : Metadata.txt
[1] 2018/11/06 22:42:33 Octo/Common.pm 37 Octo.Common INFO - Initialize ReadInputFile
[1] 2018/11/06 22:42:33 Octo/Common.pm 37 Octo.Common INFO - lets start processing
[1] 2018/11/06 22:42:33 Octo/Common.pm 37 Octo.Common INFO - processing finished and data is stored in array
[1] 2018/11/06 22:42:33 Octo/Common.pm 37 Octo.Common INFO - lets start processing
[1] 2018/11/06 22:42:33 Octo/Common.pm 37 Octo.Common INFO - processing finished and data is stored in array
[2] 2018/11/06 22:42:33 Octo/Common.pm 37 Octo.Common INFO - We have processed the file and stored data in daily_summary array
[2] 2018/11/06 22:42:33 Octo/Common.pm 37 Octo.Common INFO - total records processed 3
[2] 2018/11/06 22:42:33 Octo/Common.pm 37 Octo.Common INFO - atleast there is one row to create output file
[1] 2018/11/06 22:42:48 Octo/Common.pm 37 Octo.Common INFO - Filname : Metadata.txt
[1] 2018/11/06 22:42:48 Octo/Common.pm 37 Octo.Common INFO - Initialize ReadInputFile
[1] 2018/11/06 22:42:48 Octo/Common.pm 37 Octo.Common INFO - lets start processing
[1] 2018/11/06 22:42:48 Octo/Common.pm 37 Octo.Common INFO - processing finished and data is stored in array
[1] 2018/11/06 22:42:48 Octo/Common.pm 37 Octo.Common INFO - lets start processing
[2] 2018/11/06 22:42:48 Octo/Common.pm 37 Octo.Common INFO - processing finished and data is stored in array
[2] 2018/11/06 22:42:48 Octo/Common.pm 37 Octo.Common INFO - We have processed the file and stored data in daily_summary array
[2] 2018/11/06 22:42:48 Octo/Common.pm 37 Octo.Common INFO - total records processed 3
[2] 2018/11/06 22:42:48 Octo/Common.pm 37 Octo.Common INFO - atleast there is one row to create output file
[1] 2018/11/06 22:45:29 Octo/Common.pm 37 Octo.Common INFO - Filname : Metadata.txt
[1] 2018/11/06 22:45:29 Octo/Common.pm 37 Octo.Common INFO - Initialize ReadInputFile
[1] 2018/11/06 22:45:29 Octo/Common.pm 37 Octo.Common INFO - lets start processing
[1] 2018/11/06 22:45:29 Octo/Common.pm 37 Octo.Common INFO - processing finished and data is stored in array
[1] 2018/11/06 22:45:29 Octo/Common.pm 37 Octo.Common INFO - lets start processing
[2] 2018/11/06 22:45:29 Octo/Common.pm 37 Octo.Common INFO - processing finished and data is stored in array
[2] 2018/11/06 22:45:29 Octo/Common.pm 37 Octo.Common INFO - We have processed the file and stored data in daily_summary array
[2] 2018/11/06 22:45:29 Octo/Common.pm 37 Octo.Common INFO - total records processed 3
[2] 2018/11/06 22:45:29 Octo/Common.pm 37 Octo.Common INFO - atleast there is one row to create output file
[1] 2018/11/06 22:45:43 Octo/Common.pm 37 Octo.Common INFO - Filname : Metadata.txt
[1] 2018/11/06 22:45:43 Octo/Common.pm 37 Octo.Common INFO - Initialize ReadInputFile
[1] 2018/11/06 22:45:43 Octo/Common.pm 37 Octo.Common INFO - lets start processing
[1] 2018/11/06 22:45:43 Octo/Common.pm 37 Octo.Common INFO - processing finished and data is stored in array
[1] 2018/11/06 22:45:43 Octo/Common.pm 37 Octo.Common INFO - lets start processing
[2] 2018/11/06 22:45:43 Octo/Common.pm 37 Octo.Common INFO - processing finished and data is stored in array
[2] 2018/11/06 22:45:43 Octo/Common.pm 37 Octo.Common INFO - We have processed the file and stored data in daily_summary array
[2] 2018/11/06 22:45:43 Octo/Common.pm 37 Octo.Common INFO - total records processed 8
[2] 2018/11/06 22:45:43 Octo/Common.pm 37 Octo.Common INFO - atleast there is one row to create output file
[1] 2018/11/06 22:47:35 Octo/Common.pm 37 Octo.Common INFO - Filname : Metadata.txt
[1] 2018/11/06 22:47:35 Octo/Common.pm 37 Octo.Common INFO - Initialize ReadInputFile
[1] 2018/11/06 22:47:35 Octo/Common.pm 37 Octo.Common INFO - lets start processing
[2] 2018/11/06 22:47:35 Octo/Common.pm 37 Octo.Common INFO - processing finished and data is stored in array
[2] 2018/11/06 22:47:35 Octo/Common.pm 37 Octo.Common INFO - lets start processing
[2] 2018/11/06 22:47:35 Octo/Common.pm 37 Octo.Common INFO - processing finished and data is stored in array
[2] 2018/11/06 22:47:35 Octo/Common.pm 37 Octo.Common INFO - We have processed the file and stored data in daily_summary array
[2] 2018/11/06 22:47:35 Octo/Common.pm 37 Octo.Common INFO - total records processed 8
[2] 2018/11/06 22:47:35 Octo/Common.pm 37 Octo.Common INFO - atleast there is one row to create output file
[1] 2018/11/06 22:49:21 Octo/Common.pm 37 Octo.Common INFO - Filname : Metadata.txt
[1] 2018/11/06 22:49:21 Octo/Common.pm 37 Octo.Common INFO - Initialize ReadInputFile
[1] 2018/11/06 22:49:21 Octo/Common.pm 37 Octo.Common INFO - lets start processing
[2] 2018/11/06 22:49:21 Octo/Common.pm 37 Octo.Common INFO - processing finished and data is stored in array
[2] 2018/11/06 22:49:21 Octo/Common.pm 37 Octo.Common INFO - lets start processing
[2] 2018/11/06 22:49:21 Octo/Common.pm 37 Octo.Common INFO - processing finished and data is stored in array
[2] 2018/11/06 22:49:21 Octo/Common.pm 37 Octo.Common INFO - We have processed the file and stored data in daily_summary array
[2] 2018/11/06 22:49:21 Octo/Common.pm 37 Octo.Common INFO - total records processed 3
[2] 2018/11/06 22:49:21 Octo/Common.pm 37 Octo.Common INFO - atleast there is one row to create output file
[1] 2018/11/06 22:50:38 Octo/Common.pm 37 Octo.Common INFO - Filname : Metadata.txt
[1] 2018/11/06 22:50:38 Octo/Common.pm 37 Octo.Common INFO - Initialize ReadInputFile
[1] 2018/11/06 22:50:38 Octo/Common.pm 37 Octo.Common INFO - lets start processing
[1] 2018/11/06 22:50:38 Octo/Common.pm 37 Octo.Common INFO - processing finished and data is stored in array
[1] 2018/11/06 22:50:38 Octo/Common.pm 37 Octo.Common INFO - lets start processing
[2] 2018/11/06 22:50:38 Octo/Common.pm 37 Octo.Common INFO - processing finished and data is stored in array
[2] 2018/11/06 22:50:38 Octo/Common.pm 37 Octo.Common INFO - We have processed the file and stored data in daily_summary array
[2] 2018/11/06 22:50:38 Octo/Common.pm 37 Octo.Common INFO - total records processed 3
[2] 2018/11/06 22:50:38 Octo/Common.pm 37 Octo.Common INFO - atleast there is one row to create output file
[1] 2018/11/06 23:11:06 Octo/Common.pm 37 Octo.Common INFO - Filname : Metadata.txt
[1] 2018/11/06 23:11:06 Octo/Common.pm 37 Octo.Common INFO - Initialize ReadInputFile
[1] 2018/11/06 23:11:06 Octo/Common.pm 37 Octo.Common INFO - lets start processing
[2] 2018/11/06 23:11:06 Octo/Common.pm 37 Octo.Common INFO - processing finished and data is stored in array
[2] 2018/11/06 23:11:06 Octo/Common.pm 37 Octo.Common INFO - lets create unpack string
[2] 2018/11/06 23:11:06 Octo/Common.pm 37 Octo.Common INFO - lets start processing
[2] 2018/11/06 23:11:06 Octo/Common.pm 37 Octo.Common INFO - processing finished and data is stored in array
[2] 2018/11/06 23:11:06 Octo/Common.pm 37 Octo.Common INFO - We have processed the file and stored data in daily_summary array
[2] 2018/11/06 23:11:06 Octo/Common.pm 37 Octo.Common INFO - total records processed 3
[2] 2018/11/06 23:11:06 Octo/Common.pm 37 Octo.Common INFO - atleast there is one row to create output file
[1] 2018/11/06 23:13:10 Octo/Common.pm 37 Octo.Common INFO - Filname : Metadata.txt
[1] 2018/11/06 23:13:10 Octo/Common.pm 37 Octo.Common INFO - Initialize ReadInputFile
[1] 2018/11/06 23:13:10 Octo/Common.pm 37 Octo.Common INFO - lets start processing
[1] 2018/11/06 23:13:10 Octo/Common.pm 37 Octo.Common INFO - processing finished and data is stored in array
[2] 2018/11/06 23:13:10 Octo/Common.pm 37 Octo.Common INFO - lets create unpack string
[2] 2018/11/06 23:13:10 Octo/Common.pm 37 Octo.Common INFO - lets start processing
[2] 2018/11/06 23:13:10 Octo/Common.pm 37 Octo.Common INFO - processing finished and data is stored in array
[2] 2018/11/06 23:13:10 Octo/Common.pm 37 Octo.Common INFO - We have processed the file and stored data in daily_summary array
[2] 2018/11/06 23:13:10 Octo/Common.pm 37 Octo.Common INFO - total records processed 3
[2] 2018/11/06 23:13:10 Octo/Common.pm 37 Octo.Common INFO - atleast there is one row to create output file
[1] 2018/11/06 23:13:17 Octo/Common.pm 37 Octo.Common INFO - Filname : Metadata.txt
[1] 2018/11/06 23:13:17 Octo/Common.pm 37 Octo.Common INFO - Initialize ReadInputFile
[1] 2018/11/06 23:13:17 Octo/Common.pm 37 Octo.Common INFO - lets start processing
[1] 2018/11/06 23:13:17 Octo/Common.pm 37 Octo.Common INFO - processing finished and data is stored in array
[1] 2018/11/06 23:13:17 Octo/Common.pm 37 Octo.Common INFO - lets create unpack string
[2] 2018/11/06 23:13:17 Octo/Common.pm 37 Octo.Common INFO - lets start processing
[2] 2018/11/06 23:13:17 Octo/Common.pm 37 Octo.Common INFO - processing finished and data is stored in array
[2] 2018/11/06 23:13:17 Octo/Common.pm 37 Octo.Common INFO - We have processed the file and stored data in daily_summary array
[2] 2018/11/06 23:13:17 Octo/Common.pm 37 Octo.Common INFO - total records processed 3
[2] 2018/11/06 23:13:17 Octo/Common.pm 37 Octo.Common INFO - atleast there is one row to create output file
[1] 2018/11/06 23:15:46 Octo/Common.pm 37 Octo.Common INFO - Filname : Metadata.txt
[1] 2018/11/06 23:15:46 Octo/Common.pm 37 Octo.Common INFO - Initialize ReadInputFile
[2] 2018/11/06 23:15:46 Octo/Common.pm 37 Octo.Common INFO - lets start processing
[2] 2018/11/06 23:15:46 Octo/Common.pm 37 Octo.Common INFO - processing finished and data is stored in array
[2] 2018/11/06 23:15:46 Octo/Common.pm 37 Octo.Common INFO - lets create unpack string
[2] 2018/11/06 23:15:46 Octo/Common.pm 37 Octo.Common INFO - lets start processing
[2] 2018/11/06 23:15:46 Octo/Common.pm 37 Octo.Common INFO - processing finished and data is stored in array
[2] 2018/11/06 23:15:46 Octo/Common.pm 37 Octo.Common INFO - We have processed the file and stored data in daily_summary array
[2] 2018/11/06 23:15:46 Octo/Common.pm 37 Octo.Common INFO - total records processed 3
[2] 2018/11/06 23:15:46 Octo/Common.pm 37 Octo.Common INFO - atleast there is one row to create output file
[1] 2018/11/06 23:16:08 Octo/Common.pm 37 Octo.Common INFO - Filname : Metadata.txt
[1] 2018/11/06 23:16:08 Octo/Common.pm 37 Octo.Common INFO - Initialize ReadInputFile
[1] 2018/11/06 23:16:08 Octo/Common.pm 37 Octo.Common INFO - lets start processing
[1] 2018/11/06 23:16:08 Octo/Common.pm 37 Octo.Common INFO - processing finished and data is stored in array
[1] 2018/11/06 23:16:08 Octo/Common.pm 37 Octo.Common INFO - lets create unpack string
[2] 2018/11/06 23:16:08 Octo/Common.pm 37 Octo.Common INFO - lets start processing
[2] 2018/11/06 23:16:08 Octo/Common.pm 37 Octo.Common INFO - processing finished and data is stored in array
[2] 2018/11/06 23:16:08 Octo/Common.pm 37 Octo.Common INFO - We have processed the file and stored data in daily_summary array
[2] 2018/11/06 23:16:08 Octo/Common.pm 37 Octo.Common INFO - total records processed 3
[2] 2018/11/06 23:16:08 Octo/Common.pm 37 Octo.Common INFO - atleast there is one row to create output file
[1] 2018/11/06 23:16:20 Octo/Common.pm 37 Octo.Common INFO - Filname : Metadata.txt
[2] 2018/11/06 23:16:20 Octo/Common.pm 37 Octo.Common INFO - Initialize ReadInputFile
[2] 2018/11/06 23:16:20 Octo/Common.pm 37 Octo.Common INFO - lets start processing
[2] 2018/11/06 23:16:20 Octo/Common.pm 37 Octo.Common INFO - processing finished and data is stored in array
[2] 2018/11/06 23:16:20 Octo/Common.pm 37 Octo.Common INFO - lets create unpack string
[2] 2018/11/06 23:16:20 Octo/Common.pm 37 Octo.Common INFO - lets start processing
[2] 2018/11/06 23:16:20 Octo/Common.pm 37 Octo.Common INFO - processing finished and data is stored in array
[2] 2018/11/06 23:16:20 Octo/Common.pm 37 Octo.Common INFO - We have processed the file and stored data in daily_summary array
[2] 2018/11/06 23:16:20 Octo/Common.pm 37 Octo.Common INFO - total records processed 3
[3] 2018/11/06 23:16:20 Octo/Common.pm 37 Octo.Common INFO - atleast there is one row to create output file
[1] 2018/11/06 23:20:52 Octo/Common.pm 37 Octo.Common INFO - Filname : Metadata.txt
[1] 2018/11/06 23:20:52 Octo/Common.pm 37 Octo.Common INFO - Initialize ReadInputFile
[2] 2018/11/06 23:20:52 Octo/Common.pm 37 Octo.Common INFO - lets start processing
[3] 2018/11/06 23:20:52 Octo/Common.pm 37 Octo.Common INFO - processing finished and data is stored in array
[3] 2018/11/06 23:20:52 Octo/Common.pm 37 Octo.Common INFO - lets create unpack string
[3] 2018/11/06 23:20:52 Octo/Common.pm 37 Octo.Common INFO - lets start processing
[3] 2018/11/06 23:20:52 Octo/Common.pm 37 Octo.Common INFO - processing finished and data is stored in array
[3] 2018/11/06 23:20:52 Octo/Common.pm 37 Octo.Common INFO - We have processed the file and stored data in daily_summary array
[3] 2018/11/06 23:20:52 Octo/Common.pm 37 Octo.Common INFO - total records processed 3
[3] 2018/11/06 23:20:52 Octo/Common.pm 37 Octo.Common INFO - atleast there is one row to create output file
